[2023-10-05T11:18:18.176+0000] {taskinstance.py:1157} INFO - Dependencies all met for dep_context=non-requeueable deps ti=<TaskInstance: scraping_dag.scrape_data manual__2023-10-05T11:18:14.620875+00:00 [queued]>
[2023-10-05T11:18:18.213+0000] {taskinstance.py:1157} INFO - Dependencies all met for dep_context=requeueable deps ti=<TaskInstance: scraping_dag.scrape_data manual__2023-10-05T11:18:14.620875+00:00 [queued]>
[2023-10-05T11:18:18.222+0000] {taskinstance.py:1359} INFO - Starting attempt 1 of 1
[2023-10-05T11:18:18.263+0000] {taskinstance.py:1380} INFO - Executing <Task(PythonOperator): scrape_data> on 2023-10-05 11:18:14.620875+00:00
[2023-10-05T11:18:18.282+0000] {standard_task_runner.py:57} INFO - Started process 1804 to run task
[2023-10-05T11:18:18.300+0000] {standard_task_runner.py:84} INFO - Running: ['***', 'tasks', 'run', 'scraping_dag', 'scrape_data', 'manual__2023-10-05T11:18:14.620875+00:00', '--job-id', '23', '--raw', '--subdir', 'DAGS_FOLDER/scraping_dag.py', '--cfg-path', '/tmp/tmpmtskai3r']
[2023-10-05T11:18:18.313+0000] {standard_task_runner.py:85} INFO - Job 23: Subtask scrape_data
[2023-10-05T11:18:18.547+0000] {task_command.py:415} INFO - Running <TaskInstance: scraping_dag.scrape_data manual__2023-10-05T11:18:14.620875+00:00 [running]> on host 7034a81c3cb3
[2023-10-05T11:18:18.843+0000] {taskinstance.py:1660} INFO - Exporting env vars: AIRFLOW_CTX_DAG_OWNER='admin' AIRFLOW_CTX_DAG_ID='scraping_dag' AIRFLOW_CTX_TASK_ID='scrape_data' AIRFLOW_CTX_EXECUTION_DATE='2023-10-05T11:18:14.620875+00:00' AIRFLOW_CTX_TRY_NUMBER='1' AIRFLOW_CTX_DAG_RUN_ID='manual__2023-10-05T11:18:14.620875+00:00'
[2023-10-05T11:18:20.456+0000] {viking_scraper.py:299} INFO - =========== mobile_viking_scraper start: 2023-10-05 11:18:20 ===========
[2023-10-05T11:18:28.926+0000] {viking_scraper.py:198} INFO - Extracting mobile prepaid data from URL: https://mobilevikings.be/en/offer/prepaid/
[2023-10-05T11:18:45.351+0000] {viking_scraper.py:208} INFO - Extracting mobile subscription from URL: https://mobilevikings.be/en/offer/subscriptions/
[2023-10-05T11:18:53.704+0000] {viking_scraper.py:219} INFO - Extracting internet subscription data from URL: https://mobilevikings.be/en/offer/internet/
[2023-10-05T11:18:54.325+0000] {logging_mixin.py:151} INFO - products NDJSON file saved | data/raw_data/ndjson/products.ndjson
[2023-10-05T11:18:54.328+0000] {utils.py:25} INFO - products NDJSON file saved | data/raw_data/ndjson/products.ndjson
[2023-10-05T11:18:54.336+0000] {logging_mixin.py:151} INFO - products JSON file saved | data/raw_data/json/products.json
[2023-10-05T11:18:54.337+0000] {utils.py:15} INFO - products JSON file saved | data/raw_data/json/products.json
[2023-10-05T11:18:54.594+0000] {viking_scraper.py:258} INFO - Generating packs
[2023-10-05T11:18:54.598+0000] {logging_mixin.py:151} INFO - packs NDJSON file saved | data/raw_data/ndjson/packs.ndjson
[2023-10-05T11:18:54.599+0000] {utils.py:25} INFO - packs NDJSON file saved | data/raw_data/ndjson/packs.ndjson
[2023-10-05T11:18:54.604+0000] {logging_mixin.py:151} INFO - packs JSON file saved | data/raw_data/json/packs.json
[2023-10-05T11:18:54.605+0000] {utils.py:15} INFO - packs JSON file saved | data/raw_data/json/packs.json
[2023-10-05T11:18:54.684+0000] {viking_scraper.py:329} INFO - mobile_viking_scraper execution time: 34.228s
[2023-10-05T11:18:54.686+0000] {viking_scraper.py:332} INFO - =========== mobile_viking_scraper end: 2023-10-05 11:18:54 ===========
[2023-10-05T11:18:54.721+0000] {python.py:194} INFO - Done. Returned value was: None
[2023-10-05T11:18:54.743+0000] {taskinstance.py:1398} INFO - Marking task as SUCCESS. dag_id=scraping_dag, task_id=scrape_data, execution_date=20231005T111814, start_date=20231005T111818, end_date=20231005T111854
[2023-10-05T11:18:54.944+0000] {local_task_job_runner.py:228} INFO - Task exited with return code 0
[2023-10-05T11:18:54.974+0000] {taskinstance.py:2776} INFO - 0 downstream tasks scheduled from follow-on schedule check
