[2023-10-05T14:35:46.212+0000] {taskinstance.py:1157} INFO - Dependencies all met for dep_context=non-requeueable deps ti=<TaskInstance: scraping_dag.scrape_data manual__2023-10-05T14:35:39.187736+00:00 [queued]>
[2023-10-05T14:35:46.315+0000] {taskinstance.py:1157} INFO - Dependencies all met for dep_context=requeueable deps ti=<TaskInstance: scraping_dag.scrape_data manual__2023-10-05T14:35:39.187736+00:00 [queued]>
[2023-10-05T14:35:46.319+0000] {taskinstance.py:1359} INFO - Starting attempt 1 of 1
[2023-10-05T14:35:46.380+0000] {taskinstance.py:1380} INFO - Executing <Task(PythonOperator): scrape_data> on 2023-10-05 14:35:39.187736+00:00
[2023-10-05T14:35:46.419+0000] {standard_task_runner.py:57} INFO - Started process 5451 to run task
[2023-10-05T14:35:46.434+0000] {standard_task_runner.py:84} INFO - Running: ['***', 'tasks', 'run', 'scraping_dag', 'scrape_data', 'manual__2023-10-05T14:35:39.187736+00:00', '--job-id', '48', '--raw', '--subdir', 'DAGS_FOLDER/scraping_dag.py', '--cfg-path', '/tmp/tmpebhzdk80']
[2023-10-05T14:35:46.463+0000] {standard_task_runner.py:85} INFO - Job 48: Subtask scrape_data
[2023-10-05T14:35:46.618+0000] {task_command.py:415} INFO - Running <TaskInstance: scraping_dag.scrape_data manual__2023-10-05T14:35:39.187736+00:00 [running]> on host bd744fef73d7
[2023-10-05T14:35:46.917+0000] {taskinstance.py:1660} INFO - Exporting env vars: AIRFLOW_CTX_DAG_OWNER='admin' AIRFLOW_CTX_DAG_ID='scraping_dag' AIRFLOW_CTX_TASK_ID='scrape_data' AIRFLOW_CTX_EXECUTION_DATE='2023-10-05T14:35:39.187736+00:00' AIRFLOW_CTX_TRY_NUMBER='1' AIRFLOW_CTX_DAG_RUN_ID='manual__2023-10-05T14:35:39.187736+00:00'
[2023-10-05T14:35:47.906+0000] {viking_scraper.py:299} INFO - =========== mobile_viking_scraper start: 2023-10-05 14:35:47 ===========
[2023-10-05T14:36:02.382+0000] {viking_scraper.py:198} INFO - Extracting mobile prepaid data from URL: https://mobilevikings.be/en/offer/prepaid/
[2023-10-05T14:36:13.304+0000] {viking_scraper.py:208} INFO - Extracting mobile subscription from URL: https://mobilevikings.be/en/offer/subscriptions/
[2023-10-05T14:36:22.781+0000] {viking_scraper.py:219} INFO - Extracting internet subscription data from URL: https://mobilevikings.be/en/offer/internet/
[2023-10-05T14:36:23.317+0000] {logging_mixin.py:151} INFO - products NDJSON file saved | data/raw_data/ndjson/products.ndjson
[2023-10-05T14:36:23.324+0000] {utils.py:25} INFO - products NDJSON file saved | data/raw_data/ndjson/products.ndjson
[2023-10-05T14:36:23.336+0000] {logging_mixin.py:151} INFO - products JSON file saved | data/raw_data/json/products.json
[2023-10-05T14:36:23.338+0000] {utils.py:15} INFO - products JSON file saved | data/raw_data/json/products.json
[2023-10-05T14:36:24.549+0000] {viking_scraper.py:258} INFO - Generating packs
[2023-10-05T14:36:24.554+0000] {logging_mixin.py:151} INFO - packs NDJSON file saved | data/raw_data/ndjson/packs.ndjson
[2023-10-05T14:36:24.555+0000] {utils.py:25} INFO - packs NDJSON file saved | data/raw_data/ndjson/packs.ndjson
[2023-10-05T14:36:24.558+0000] {logging_mixin.py:151} INFO - packs JSON file saved | data/raw_data/json/packs.json
[2023-10-05T14:36:24.559+0000] {utils.py:15} INFO - packs JSON file saved | data/raw_data/json/packs.json
[2023-10-05T14:36:24.625+0000] {viking_scraper.py:329} INFO - mobile_viking_scraper execution time: 36.720s
[2023-10-05T14:36:24.628+0000] {viking_scraper.py:332} INFO - =========== mobile_viking_scraper end: 2023-10-05 14:36:24 ===========
[2023-10-05T14:36:24.686+0000] {python.py:194} INFO - Done. Returned value was: None
[2023-10-05T14:36:24.724+0000] {taskinstance.py:1398} INFO - Marking task as SUCCESS. dag_id=scraping_dag, task_id=scrape_data, execution_date=20231005T143539, start_date=20231005T143546, end_date=20231005T143624
[2023-10-05T14:36:24.873+0000] {local_task_job_runner.py:228} INFO - Task exited with return code 0
[2023-10-05T14:36:24.903+0000] {taskinstance.py:2776} INFO - 0 downstream tasks scheduled from follow-on schedule check
