[2023-10-05T11:15:26.648+0000] {taskinstance.py:1157} INFO - Dependencies all met for dep_context=non-requeueable deps ti=<TaskInstance: scraping_dag.scrape_data manual__2023-10-05T11:14:11.848614+00:00 [queued]>
[2023-10-05T11:15:26.656+0000] {taskinstance.py:1157} INFO - Dependencies all met for dep_context=requeueable deps ti=<TaskInstance: scraping_dag.scrape_data manual__2023-10-05T11:14:11.848614+00:00 [queued]>
[2023-10-05T11:15:26.657+0000] {taskinstance.py:1359} INFO - Starting attempt 1 of 1
[2023-10-05T11:15:26.668+0000] {taskinstance.py:1380} INFO - Executing <Task(PythonOperator): scrape_data> on 2023-10-05 11:14:11.848614+00:00
[2023-10-05T11:15:26.675+0000] {standard_task_runner.py:57} INFO - Started process 1520 to run task
[2023-10-05T11:15:26.680+0000] {standard_task_runner.py:84} INFO - Running: ['***', 'tasks', 'run', 'scraping_dag', 'scrape_data', 'manual__2023-10-05T11:14:11.848614+00:00', '--job-id', '22', '--raw', '--subdir', 'DAGS_FOLDER/scraping_dag.py', '--cfg-path', '/tmp/tmpvoe5cdrf']
[2023-10-05T11:15:26.685+0000] {standard_task_runner.py:85} INFO - Job 22: Subtask scrape_data
[2023-10-05T11:15:26.754+0000] {task_command.py:415} INFO - Running <TaskInstance: scraping_dag.scrape_data manual__2023-10-05T11:14:11.848614+00:00 [running]> on host 7034a81c3cb3
[2023-10-05T11:15:26.883+0000] {taskinstance.py:1660} INFO - Exporting env vars: AIRFLOW_CTX_DAG_OWNER='admin' AIRFLOW_CTX_DAG_ID='scraping_dag' AIRFLOW_CTX_TASK_ID='scrape_data' AIRFLOW_CTX_EXECUTION_DATE='2023-10-05T11:14:11.848614+00:00' AIRFLOW_CTX_TRY_NUMBER='1' AIRFLOW_CTX_DAG_RUN_ID='manual__2023-10-05T11:14:11.848614+00:00'
[2023-10-05T11:15:28.768+0000] {viking_scraper.py:306} INFO - =========== mobile_viking_scraper start: 2023-10-05 11:15:28 ===========
[2023-10-05T11:15:40.473+0000] {viking_scraper.py:203} INFO - Extracting mobile prepaid data from URL: https://mobilevikings.be/en/offer/prepaid/
[2023-10-05T11:15:54.046+0000] {viking_scraper.py:213} INFO - Extracting mobile subscription from URL: https://mobilevikings.be/en/offer/subscriptions/
[2023-10-05T11:16:02.779+0000] {viking_scraper.py:224} INFO - Extracting internet subscription data from URL: https://mobilevikings.be/en/offer/internet/
[2023-10-05T11:16:05.141+0000] {logging_mixin.py:151} INFO - products NDJSON file saved | data/raw_data/ndjson/products.ndjson
[2023-10-05T11:16:05.146+0000] {utils.py:25} INFO - products NDJSON file saved | data/raw_data/ndjson/products.ndjson
[2023-10-05T11:16:05.159+0000] {logging_mixin.py:151} INFO - products JSON file saved | data/raw_data/json/products.json
[2023-10-05T11:16:05.167+0000] {utils.py:15} INFO - products JSON file saved | data/raw_data/json/products.json
[2023-10-05T11:16:06.863+0000] {viking_scraper.py:264} INFO - Generating packs
[2023-10-05T11:16:06.882+0000] {logging_mixin.py:151} INFO - packs NDJSON file saved | data/raw_data/ndjson/packs.ndjson
[2023-10-05T11:16:06.884+0000] {utils.py:25} INFO - packs NDJSON file saved | data/raw_data/ndjson/packs.ndjson
[2023-10-05T11:16:06.904+0000] {logging_mixin.py:151} INFO - packs JSON file saved | data/raw_data/json/packs.json
[2023-10-05T11:16:06.909+0000] {utils.py:15} INFO - packs JSON file saved | data/raw_data/json/packs.json
[2023-10-05T11:16:07.128+0000] {logging_mixin.py:151} INFO - mobile_viking_scraper execution time: 38.361s
[2023-10-05T11:16:07.130+0000] {viking_scraper.py:338} INFO - mobile_viking_scraper execution time: 38.361s
[2023-10-05T11:16:07.131+0000] {viking_scraper.py:341} INFO - =========== mobile_viking_scraper end: 2023-10-05 11:16:07 ===========
[2023-10-05T11:16:07.176+0000] {python.py:194} INFO - Done. Returned value was: None
[2023-10-05T11:16:07.208+0000] {taskinstance.py:1398} INFO - Marking task as SUCCESS. dag_id=scraping_dag, task_id=scrape_data, execution_date=20231005T111411, start_date=20231005T111526, end_date=20231005T111607
[2023-10-05T11:16:07.332+0000] {local_task_job_runner.py:228} INFO - Task exited with return code 0
[2023-10-05T11:16:07.399+0000] {taskinstance.py:2776} INFO - 0 downstream tasks scheduled from follow-on schedule check
