[2023-10-05T11:23:02.054+0000] {taskinstance.py:1157} INFO - Dependencies all met for dep_context=non-requeueable deps ti=<TaskInstance: scraping_dag.scrape_data manual__2023-10-05T11:22:57.827097+00:00 [queued]>
[2023-10-05T11:23:02.079+0000] {taskinstance.py:1157} INFO - Dependencies all met for dep_context=requeueable deps ti=<TaskInstance: scraping_dag.scrape_data manual__2023-10-05T11:22:57.827097+00:00 [queued]>
[2023-10-05T11:23:02.084+0000] {taskinstance.py:1359} INFO - Starting attempt 1 of 1
[2023-10-05T11:23:02.107+0000] {taskinstance.py:1380} INFO - Executing <Task(PythonOperator): scrape_data> on 2023-10-05 11:22:57.827097+00:00
[2023-10-05T11:23:02.125+0000] {standard_task_runner.py:57} INFO - Started process 2141 to run task
[2023-10-05T11:23:02.134+0000] {standard_task_runner.py:84} INFO - Running: ['***', 'tasks', 'run', 'scraping_dag', 'scrape_data', 'manual__2023-10-05T11:22:57.827097+00:00', '--job-id', '24', '--raw', '--subdir', 'DAGS_FOLDER/scraping_dag.py', '--cfg-path', '/tmp/tmpg3n74if3']
[2023-10-05T11:23:02.158+0000] {standard_task_runner.py:85} INFO - Job 24: Subtask scrape_data
[2023-10-05T11:23:02.356+0000] {task_command.py:415} INFO - Running <TaskInstance: scraping_dag.scrape_data manual__2023-10-05T11:22:57.827097+00:00 [running]> on host 7034a81c3cb3
[2023-10-05T11:23:02.695+0000] {taskinstance.py:1660} INFO - Exporting env vars: AIRFLOW_CTX_DAG_OWNER='admin' AIRFLOW_CTX_DAG_ID='scraping_dag' AIRFLOW_CTX_TASK_ID='scrape_data' AIRFLOW_CTX_EXECUTION_DATE='2023-10-05T11:22:57.827097+00:00' AIRFLOW_CTX_TRY_NUMBER='1' AIRFLOW_CTX_DAG_RUN_ID='manual__2023-10-05T11:22:57.827097+00:00'
[2023-10-05T11:23:03.244+0000] {viking_scraper.py:299} INFO - =========== mobile_viking_scraper start: 2023-10-05 11:23:03 ===========
[2023-10-05T11:23:11.584+0000] {viking_scraper.py:198} INFO - Extracting mobile prepaid data from URL: https://mobilevikings.be/en/offer/prepaid/
[2023-10-05T11:23:19.430+0000] {viking_scraper.py:208} INFO - Extracting mobile subscription from URL: https://mobilevikings.be/en/offer/subscriptions/
[2023-10-05T11:23:26.285+0000] {viking_scraper.py:219} INFO - Extracting internet subscription data from URL: https://mobilevikings.be/en/offer/internet/
[2023-10-05T11:23:26.722+0000] {logging_mixin.py:151} INFO - products NDJSON file saved | data/raw_data/ndjson/products.ndjson
[2023-10-05T11:23:26.726+0000] {utils.py:25} INFO - products NDJSON file saved | data/raw_data/ndjson/products.ndjson
[2023-10-05T11:23:26.734+0000] {logging_mixin.py:151} INFO - products JSON file saved | data/raw_data/json/products.json
[2023-10-05T11:23:26.736+0000] {utils.py:15} INFO - products JSON file saved | data/raw_data/json/products.json
[2023-10-05T11:23:27.001+0000] {viking_scraper.py:258} INFO - Generating packs
[2023-10-05T11:23:27.005+0000] {logging_mixin.py:151} INFO - packs NDJSON file saved | data/raw_data/ndjson/packs.ndjson
[2023-10-05T11:23:27.007+0000] {utils.py:25} INFO - packs NDJSON file saved | data/raw_data/ndjson/packs.ndjson
[2023-10-05T11:23:27.010+0000] {logging_mixin.py:151} INFO - packs JSON file saved | data/raw_data/json/packs.json
[2023-10-05T11:23:27.011+0000] {utils.py:15} INFO - packs JSON file saved | data/raw_data/json/packs.json
[2023-10-05T11:23:27.071+0000] {viking_scraper.py:329} INFO - mobile_viking_scraper execution time: 23.830s
[2023-10-05T11:23:27.073+0000] {viking_scraper.py:332} INFO - =========== mobile_viking_scraper end: 2023-10-05 11:23:27 ===========
[2023-10-05T11:23:27.104+0000] {python.py:194} INFO - Done. Returned value was: None
[2023-10-05T11:23:27.132+0000] {taskinstance.py:1398} INFO - Marking task as SUCCESS. dag_id=scraping_dag, task_id=scrape_data, execution_date=20231005T112257, start_date=20231005T112302, end_date=20231005T112327
[2023-10-05T11:23:27.230+0000] {local_task_job_runner.py:228} INFO - Task exited with return code 0
[2023-10-05T11:23:27.263+0000] {taskinstance.py:2776} INFO - 0 downstream tasks scheduled from follow-on schedule check
