[2023-10-05T14:09:52.427+0000] {taskinstance.py:1157} INFO - Dependencies all met for dep_context=non-requeueable deps ti=<TaskInstance: scraping_dag.scrape_data manual__2023-10-05T14:09:49.751119+00:00 [queued]>
[2023-10-05T14:09:52.452+0000] {taskinstance.py:1157} INFO - Dependencies all met for dep_context=requeueable deps ti=<TaskInstance: scraping_dag.scrape_data manual__2023-10-05T14:09:49.751119+00:00 [queued]>
[2023-10-05T14:09:52.454+0000] {taskinstance.py:1359} INFO - Starting attempt 1 of 1
[2023-10-05T14:09:52.498+0000] {taskinstance.py:1380} INFO - Executing <Task(PythonOperator): scrape_data> on 2023-10-05 14:09:49.751119+00:00
[2023-10-05T14:09:52.514+0000] {standard_task_runner.py:57} INFO - Started process 3774 to run task
[2023-10-05T14:09:52.525+0000] {standard_task_runner.py:84} INFO - Running: ['***', 'tasks', 'run', 'scraping_dag', 'scrape_data', 'manual__2023-10-05T14:09:49.751119+00:00', '--job-id', '38', '--raw', '--subdir', 'DAGS_FOLDER/scraping_dag.py', '--cfg-path', '/tmp/tmpquagt4ti']
[2023-10-05T14:09:52.540+0000] {standard_task_runner.py:85} INFO - Job 38: Subtask scrape_data
[2023-10-05T14:09:52.717+0000] {task_command.py:415} INFO - Running <TaskInstance: scraping_dag.scrape_data manual__2023-10-05T14:09:49.751119+00:00 [running]> on host bd744fef73d7
[2023-10-05T14:09:52.875+0000] {taskinstance.py:1660} INFO - Exporting env vars: AIRFLOW_CTX_DAG_OWNER='admin' AIRFLOW_CTX_DAG_ID='scraping_dag' AIRFLOW_CTX_TASK_ID='scrape_data' AIRFLOW_CTX_EXECUTION_DATE='2023-10-05T14:09:49.751119+00:00' AIRFLOW_CTX_TRY_NUMBER='1' AIRFLOW_CTX_DAG_RUN_ID='manual__2023-10-05T14:09:49.751119+00:00'
[2023-10-05T14:09:53.434+0000] {viking_scraper.py:299} INFO - =========== mobile_viking_scraper start: 2023-10-05 14:09:53 ===========
[2023-10-05T14:10:02.399+0000] {viking_scraper.py:198} INFO - Extracting mobile prepaid data from URL: https://mobilevikings.be/en/offer/prepaid/
[2023-10-05T14:10:11.337+0000] {viking_scraper.py:208} INFO - Extracting mobile subscription from URL: https://mobilevikings.be/en/offer/subscriptions/
[2023-10-05T14:10:23.223+0000] {viking_scraper.py:219} INFO - Extracting internet subscription data from URL: https://mobilevikings.be/en/offer/internet/
[2023-10-05T14:10:24.991+0000] {logging_mixin.py:151} INFO - products NDJSON file saved | data/raw_data/ndjson/products.ndjson
[2023-10-05T14:10:24.996+0000] {utils.py:25} INFO - products NDJSON file saved | data/raw_data/ndjson/products.ndjson
[2023-10-05T14:10:25.024+0000] {logging_mixin.py:151} INFO - products JSON file saved | data/raw_data/json/products.json
[2023-10-05T14:10:25.027+0000] {utils.py:15} INFO - products JSON file saved | data/raw_data/json/products.json
[2023-10-05T14:10:26.427+0000] {viking_scraper.py:258} INFO - Generating packs
[2023-10-05T14:10:26.461+0000] {logging_mixin.py:151} INFO - packs NDJSON file saved | data/raw_data/ndjson/packs.ndjson
[2023-10-05T14:10:26.471+0000] {utils.py:25} INFO - packs NDJSON file saved | data/raw_data/ndjson/packs.ndjson
[2023-10-05T14:10:26.486+0000] {logging_mixin.py:151} INFO - packs JSON file saved | data/raw_data/json/packs.json
[2023-10-05T14:10:26.488+0000] {utils.py:15} INFO - packs JSON file saved | data/raw_data/json/packs.json
[2023-10-05T14:10:26.701+0000] {viking_scraper.py:329} INFO - mobile_viking_scraper execution time: 33.267s
[2023-10-05T14:10:26.707+0000] {viking_scraper.py:332} INFO - =========== mobile_viking_scraper end: 2023-10-05 14:10:26 ===========
[2023-10-05T14:10:26.949+0000] {python.py:194} INFO - Done. Returned value was: None
[2023-10-05T14:10:27.076+0000] {taskinstance.py:1398} INFO - Marking task as SUCCESS. dag_id=scraping_dag, task_id=scrape_data, execution_date=20231005T140949, start_date=20231005T140952, end_date=20231005T141027
[2023-10-05T14:10:27.413+0000] {local_task_job_runner.py:228} INFO - Task exited with return code 0
[2023-10-05T14:10:27.513+0000] {taskinstance.py:2776} INFO - 0 downstream tasks scheduled from follow-on schedule check
