2023-10-05 07:37:03,548 [INFO] - =========== mobile_viking_scraper start: 2023-10-05 07:37:03 ===========
2023-10-05 07:40:10,684 [INFO] - =========== mobile_viking_scraper start: 2023-10-05 07:40:10 ===========
2023-10-05 07:40:10,709 [ERROR] - Error in mobile_viking_scraper function: Executable doesn't exist at /home/airflow/.cache/ms-playwright/chromium-1080/chrome-linux/chrome
╔════════════════════════════════════════════════════════════╗
║ Looks like Playwright was just installed or updated.       ║
║ Please run the following command to download new browsers: ║
║                                                            ║
║     playwright install                                     ║
║                                                            ║
║ <3 Playwright Team                                         ║
╚════════════════════════════════════════════════════════════╝
2023-10-05 07:49:20,228 [INFO] - =========== mobile_viking_scraper start: 2023-10-05 07:49:20 ===========
2023-10-05 07:49:20,313 [ERROR] - Error in mobile_viking_scraper function: 
╔══════════════════════════════════════════════════════╗
║ Host system is missing dependencies to run browsers. ║
║ Please install them with the following command:      ║
║                                                      ║
║     sudo playwright install-deps                     ║
║                                                      ║
║ Alternatively, use apt:                              ║
║     sudo apt-get install libglib2.0-0\               ║
║         libnss3\                                     ║
║         libnspr4\                                    ║
║         libatk1.0-0\                                 ║
║         libatk-bridge2.0-0\                          ║
║         libcups2\                                    ║
║         libdbus-1-3\                                 ║
║         libdrm2\                                     ║
║         libxcb1\                                     ║
║         libxkbcommon0\                               ║
║         libatspi2.0-0\                               ║
║         libx11-6\                                    ║
║         libxcomposite1\                              ║
║         libxdamage1\                                 ║
║         libxext6\                                    ║
║         libxfixes3\                                  ║
║         libxrandr2\                                  ║
║         libgbm1\                                     ║
║         libpango-1.0-0\                              ║
║         libcairo2\                                   ║
║         libasound2                                   ║
║                                                      ║
║ <3 Playwright Team                                   ║
╚══════════════════════════════════════════════════════╝
2023-10-05 08:09:14,275 [INFO] - =========== mobile_viking_scraper start: 2023-10-05 08:09:14 ===========
2023-10-05 08:09:14,368 [ERROR] - Error in mobile_viking_scraper function: 
╔══════════════════════════════════════════════════════╗
║ Host system is missing dependencies to run browsers. ║
║ Please install them with the following command:      ║
║                                                      ║
║     sudo playwright install-deps                     ║
║                                                      ║
║ Alternatively, use apt:                              ║
║     sudo apt-get install libglib2.0-0\               ║
║         libnss3\                                     ║
║         libnspr4\                                    ║
║         libatk1.0-0\                                 ║
║         libatk-bridge2.0-0\                          ║
║         libcups2\                                    ║
║         libdbus-1-3\                                 ║
║         libdrm2\                                     ║
║         libxcb1\                                     ║
║         libxkbcommon0\                               ║
║         libatspi2.0-0\                               ║
║         libx11-6\                                    ║
║         libxcomposite1\                              ║
║         libxdamage1\                                 ║
║         libxext6\                                    ║
║         libxfixes3\                                  ║
║         libxrandr2\                                  ║
║         libgbm1\                                     ║
║         libpango-1.0-0\                              ║
║         libcairo2\                                   ║
║         libasound2                                   ║
║                                                      ║
║ <3 Playwright Team                                   ║
╚══════════════════════════════════════════════════════╝
2023-10-05 08:35:07,169 [INFO] - =========== mobile_viking_scraper start: 2023-10-05 08:35:07 ===========
2023-10-05 08:35:07,657 [ERROR] - Error in mobile_viking_scraper function: 
╔══════════════════════════════════════════════════════╗
║ Host system is missing dependencies to run browsers. ║
║ Please install them with the following command:      ║
║                                                      ║
║     sudo playwright install-deps                     ║
║                                                      ║
║ Alternatively, use apt:                              ║
║     sudo apt-get install libglib2.0-0\               ║
║         libnss3\                                     ║
║         libnspr4\                                    ║
║         libatk1.0-0\                                 ║
║         libatk-bridge2.0-0\                          ║
║         libcups2\                                    ║
║         libdbus-1-3\                                 ║
║         libdrm2\                                     ║
║         libxcb1\                                     ║
║         libxkbcommon0\                               ║
║         libatspi2.0-0\                               ║
║         libx11-6\                                    ║
║         libxcomposite1\                              ║
║         libxdamage1\                                 ║
║         libxext6\                                    ║
║         libxfixes3\                                  ║
║         libxrandr2\                                  ║
║         libgbm1\                                     ║
║         libpango-1.0-0\                              ║
║         libcairo2\                                   ║
║         libasound2                                   ║
║                                                      ║
║ <3 Playwright Team                                   ║
╚══════════════════════════════════════════════════════╝
2023-10-05 09:05:01,025 [INFO] - =========== mobile_viking_scraper start: 2023-10-05 09:05:01 ===========
2023-10-05 09:05:01,124 [ERROR] - Error in mobile_viking_scraper function: 
╔══════════════════════════════════════════════════════╗
║ Host system is missing dependencies to run browsers. ║
║ Please install them with the following command:      ║
║                                                      ║
║     sudo playwright install-deps                     ║
║                                                      ║
║ Alternatively, use apt:                              ║
║     sudo apt-get install libglib2.0-0\               ║
║         libnss3\                                     ║
║         libnspr4\                                    ║
║         libatk1.0-0\                                 ║
║         libatk-bridge2.0-0\                          ║
║         libcups2\                                    ║
║         libdbus-1-3\                                 ║
║         libdrm2\                                     ║
║         libxcb1\                                     ║
║         libxkbcommon0\                               ║
║         libatspi2.0-0\                               ║
║         libx11-6\                                    ║
║         libxcomposite1\                              ║
║         libxdamage1\                                 ║
║         libxext6\                                    ║
║         libxfixes3\                                  ║
║         libxrandr2\                                  ║
║         libgbm1\                                     ║
║         libpango-1.0-0\                              ║
║         libcairo2\                                   ║
║         libasound2                                   ║
║                                                      ║
║ <3 Playwright Team                                   ║
╚══════════════════════════════════════════════════════╝
2023-10-05 09:12:25,407 [INFO] - =========== mobile_viking_scraper start: 2023-10-05 09:12:25 ===========
2023-10-05 09:12:26,151 [ERROR] - Error in mobile_viking_scraper function: 
╔════════════════════════════════════════════════════════════════════════════════════════════════╗
║ Looks like you launched a headed browser without having a XServer running.                     ║
║ Set either 'headless: true' or use 'xvfb-run <your-playwright-app>' before running Playwright. ║
║                                                                                                ║
║ <3 Playwright Team                                                                             ║
╚════════════════════════════════════════════════════════════════════════════════════════════════╝
=========================== logs ===========================
<launching> /home/airflow/.cache/ms-playwright/chromium-1080/chrome-linux/chrome --disable-field-trial-config --disable-background-networking --enable-features=NetworkService,NetworkServiceInProcess --disable-background-timer-throttling --disable-backgrounding-occluded-windows --disable-back-forward-cache --disable-breakpad --disable-client-side-phishing-detection --disable-component-extensions-with-background-pages --disable-component-update --no-default-browser-check --disable-default-apps --disable-dev-shm-usage --disable-extensions --disable-features=ImprovedCookieControls,LazyFrameLoading,GlobalMediaControls,DestroyProfileOnBrowserClose,MediaRouter,DialMediaRouteProvider,AcceptCHFrame,AutoExpandDetailsElement,CertificateTransparencyComponentUpdater,AvoidUnnecessaryBeforeUnloadCheckSync,Translate --allow-pre-commit-input --disable-hang-monitor --disable-ipc-flooding-protection --disable-popup-blocking --disable-prompt-on-repost --disable-renderer-backgrounding --force-color-profile=srgb --metrics-recording-only --no-first-run --enable-automation --password-store=basic --use-mock-keychain --no-service-autorun --export-tagged-pdf --no-sandbox --user-data-dir=/tmp/playwright_chromiumdev_profile-CXKRWd --remote-debugging-pipe --no-startup-window
<launched> pid=10084
[pid=10084][err] [10084:10352:1005/091226.059214:ERROR:bus.cc(406)] Failed to connect to the bus: Failed to connect to socket /run/dbus/system_bus_socket: No such file or directory
[pid=10084][err] [10084:10084:1005/091226.096778:ERROR:ozone_platform_x11.cc(240)] Missing X server or $DISPLAY
[pid=10084][err] [10084:10084:1005/091226.097044:ERROR:env.cc(255)] The platform failed to initialize.  Exiting.
============================================================
2023-10-05 09:12:59,306 [INFO] - =========== mobile_viking_scraper start: 2023-10-05 09:12:59 ===========
2023-10-05 09:13:10,443 [INFO] - Extracting mobile prepaid data from URL: https://mobilevikings.be/en/offer/prepaid/
2023-10-05 09:13:20,322 [INFO] - Extracting mobile subscription from URL: https://mobilevikings.be/en/offer/subscriptions/
2023-10-05 09:13:28,712 [INFO] - Extracting internet subscription data from URL: https://mobilevikings.be/en/offer/internet/
2023-10-05 09:13:29,229 [INFO] - products NDJSON file saved | data/raw_data/ndjson/products.ndjson
2023-10-05 09:13:29,234 [INFO] - products JSON file saved | data/raw_data/json/products.json
2023-10-05 09:13:30,620 [INFO] - Generating packs
2023-10-05 09:13:30,625 [INFO] - packs NDJSON file saved | data/raw_data/ndjson/packs.ndjson
2023-10-05 09:13:30,629 [INFO] - packs JSON file saved | data/raw_data/json/packs.json
2023-10-05 09:15:04,417 [INFO] - =========== mobile_viking_scraper start: 2023-10-05 09:15:04 ===========
2023-10-05 09:15:12,661 [INFO] - Extracting mobile prepaid data from URL: https://mobilevikings.be/en/offer/prepaid/
2023-10-05 09:15:21,443 [INFO] - Extracting mobile subscription from URL: https://mobilevikings.be/en/offer/subscriptions/
2023-10-05 09:15:29,009 [INFO] - Extracting internet subscription data from URL: https://mobilevikings.be/en/offer/internet/
2023-10-05 09:15:29,509 [INFO] - products NDJSON file saved | data/raw_data/ndjson/products.ndjson
2023-10-05 09:15:29,520 [INFO] - products JSON file saved | data/raw_data/json/products.json
2023-10-05 09:15:29,789 [INFO] - Generating packs
2023-10-05 09:15:29,795 [INFO] - packs NDJSON file saved | data/raw_data/ndjson/packs.ndjson
2023-10-05 09:15:29,799 [INFO] - packs JSON file saved | data/raw_data/json/packs.json
2023-10-05 09:17:00,205 [INFO] - =========== mobile_viking_scraper start: 2023-10-05 09:17:00 ===========
2023-10-05 09:17:17,048 [INFO] - =========== mobile_viking_scraper start: 2023-10-05 09:17:17 ===========
2023-10-05 09:17:24,083 [INFO] - Extracting mobile prepaid data from URL: https://mobilevikings.be/en/offer/prepaid/
2023-10-05 09:17:32,567 [INFO] - Extracting mobile subscription from URL: https://mobilevikings.be/en/offer/subscriptions/
2023-10-05 09:17:40,416 [INFO] - Extracting internet subscription data from URL: https://mobilevikings.be/en/offer/internet/
2023-10-05 09:17:40,914 [INFO] - products NDJSON file saved | data/raw_data/ndjson/products.ndjson
2023-10-05 09:17:40,920 [INFO] - products JSON file saved | data/raw_data/json/products.json
2023-10-05 09:17:41,147 [INFO] - Generating packs
2023-10-05 09:17:41,151 [INFO] - packs NDJSON file saved | data/raw_data/ndjson/packs.ndjson
2023-10-05 09:17:41,155 [INFO] - packs JSON file saved | data/raw_data/json/packs.json
2023-10-05 09:17:41,269 [INFO] - mobile_viking_scraper execution time: 24.222s
2023-10-05 09:17:41,270 [INFO] - =========== mobile_viking_scraper end: 2023-10-05 09:17:41 ===========
2023-10-05 09:52:28,528 [INFO] - =========== mobile_viking_scraper start: 2023-10-05 09:52:28 ===========
