[2023-10-05T14:23:05.833+0000] {taskinstance.py:1157} INFO - Dependencies all met for dep_context=non-requeueable deps ti=<TaskInstance: scraping_dag.scrape_data manual__2023-10-05T14:23:01.907459+00:00 [queued]>
[2023-10-05T14:23:05.849+0000] {taskinstance.py:1157} INFO - Dependencies all met for dep_context=requeueable deps ti=<TaskInstance: scraping_dag.scrape_data manual__2023-10-05T14:23:01.907459+00:00 [queued]>
[2023-10-05T14:23:05.851+0000] {taskinstance.py:1359} INFO - Starting attempt 1 of 1
[2023-10-05T14:23:05.873+0000] {taskinstance.py:1380} INFO - Executing <Task(PythonOperator): scrape_data> on 2023-10-05 14:23:01.907459+00:00
[2023-10-05T14:23:05.884+0000] {standard_task_runner.py:57} INFO - Started process 4563 to run task
[2023-10-05T14:23:05.891+0000] {standard_task_runner.py:84} INFO - Running: ['***', 'tasks', 'run', 'scraping_dag', 'scrape_data', 'manual__2023-10-05T14:23:01.907459+00:00', '--job-id', '42', '--raw', '--subdir', 'DAGS_FOLDER/scraping_dag.py', '--cfg-path', '/tmp/tmpo0f69846']
[2023-10-05T14:23:05.897+0000] {standard_task_runner.py:85} INFO - Job 42: Subtask scrape_data
[2023-10-05T14:23:06.026+0000] {task_command.py:415} INFO - Running <TaskInstance: scraping_dag.scrape_data manual__2023-10-05T14:23:01.907459+00:00 [running]> on host bd744fef73d7
[2023-10-05T14:23:06.201+0000] {taskinstance.py:1660} INFO - Exporting env vars: AIRFLOW_CTX_DAG_OWNER='admin' AIRFLOW_CTX_DAG_ID='scraping_dag' AIRFLOW_CTX_TASK_ID='scrape_data' AIRFLOW_CTX_EXECUTION_DATE='2023-10-05T14:23:01.907459+00:00' AIRFLOW_CTX_TRY_NUMBER='1' AIRFLOW_CTX_DAG_RUN_ID='manual__2023-10-05T14:23:01.907459+00:00'
[2023-10-05T14:23:07.290+0000] {viking_scraper.py:299} INFO - =========== mobile_viking_scraper start: 2023-10-05 14:23:07 ===========
[2023-10-05T14:23:17.223+0000] {viking_scraper.py:198} INFO - Extracting mobile prepaid data from URL: https://mobilevikings.be/en/offer/prepaid/
[2023-10-05T14:23:29.353+0000] {viking_scraper.py:208} INFO - Extracting mobile subscription from URL: https://mobilevikings.be/en/offer/subscriptions/
[2023-10-05T14:23:37.155+0000] {viking_scraper.py:219} INFO - Extracting internet subscription data from URL: https://mobilevikings.be/en/offer/internet/
[2023-10-05T14:23:37.522+0000] {logging_mixin.py:151} INFO - products NDJSON file saved | data/raw_data/ndjson/products.ndjson
[2023-10-05T14:23:37.523+0000] {utils.py:25} INFO - products NDJSON file saved | data/raw_data/ndjson/products.ndjson
[2023-10-05T14:23:37.527+0000] {logging_mixin.py:151} INFO - products JSON file saved | data/raw_data/json/products.json
[2023-10-05T14:23:37.528+0000] {utils.py:15} INFO - products JSON file saved | data/raw_data/json/products.json
[2023-10-05T14:23:39.131+0000] {viking_scraper.py:258} INFO - Generating packs
[2023-10-05T14:23:39.135+0000] {logging_mixin.py:151} INFO - packs NDJSON file saved | data/raw_data/ndjson/packs.ndjson
[2023-10-05T14:23:39.136+0000] {utils.py:25} INFO - packs NDJSON file saved | data/raw_data/ndjson/packs.ndjson
[2023-10-05T14:23:39.139+0000] {logging_mixin.py:151} INFO - packs JSON file saved | data/raw_data/json/packs.json
[2023-10-05T14:23:39.140+0000] {utils.py:15} INFO - packs JSON file saved | data/raw_data/json/packs.json
[2023-10-05T14:23:39.197+0000] {viking_scraper.py:329} INFO - mobile_viking_scraper execution time: 31.907s
[2023-10-05T14:23:39.198+0000] {viking_scraper.py:332} INFO - =========== mobile_viking_scraper end: 2023-10-05 14:23:39 ===========
[2023-10-05T14:23:39.235+0000] {python.py:194} INFO - Done. Returned value was: None
[2023-10-05T14:23:39.254+0000] {taskinstance.py:1398} INFO - Marking task as SUCCESS. dag_id=scraping_dag, task_id=scrape_data, execution_date=20231005T142301, start_date=20231005T142305, end_date=20231005T142339
[2023-10-05T14:23:39.391+0000] {local_task_job_runner.py:228} INFO - Task exited with return code 0
[2023-10-05T14:23:39.425+0000] {taskinstance.py:2776} INFO - 0 downstream tasks scheduled from follow-on schedule check
